<?xml version="1.0" encoding="UTF-8"?>
<!-- Generated by org.testng.reporters.JUnitXMLReporter -->
<testsuite ignored="0" hostname="Suraj-Dubey" failures="1" tests="1" name="NavigateBar" time="17.342" errors="0" timestamp="2022-06-18T00:51:29 IST">
  <testcase classname="E2EProject.SDTEST.NavigateBar" name="navigationbar" time="0.175">
    <failure type="java.lang.AssertionError" message="expected [false] but found [true]">
      <![CDATA[java.lang.AssertionError: expected [false] but found [true]
at E2EProject.SDTEST.NavigateBar.navigationbar(NavigateBar.java:40)
at java.base/java.util.ArrayList.forEach(ArrayList.java:1511)
at java.base/java.util.concurrent.FutureTask.run(FutureTask.java:264)
at java.base/java.util.concurrent.ThreadPoolExecutor.runWorker(ThreadPoolExecutor.java:1136)
at java.base/java.util.concurrent.ThreadPoolExecutor$Worker.run(ThreadPoolExecutor.java:635)
at java.base/java.lang.Thread.run(Thread.java:833)
... Removed 22 stack frames]]>
    </failure>
  </testcase> <!-- navigationbar -->
</testsuite> <!-- NavigateBar -->
